<?xml version="1.0" encoding="UTF-8"?>
<testsuite xmlns:xsi="http://www.w3.org/2001/XMLSchema-instance" xsi:noNamespaceSchemaLocation="https://maven.apache.org/surefire/maven-surefire-plugin/xsd/surefire-test-report-3.0.xsd" version="3.0" name="org.bcmoj.netserver.JsonValidateUtilTest" time="0.099" tests="5" errors="0" skipped="0" failures="0">
  <properties>
    <property name="java.specification.version" value="21"/>
    <property name="sun.cpu.isalist" value="amd64"/>
    <property name="sun.jnu.encoding" value="GBK"/>
    <property name="java.class.path" value="D:\Code\Projects\BCMOJ\jserver\target\test-classes;D:\Code\Projects\BCMOJ\jserver\target\classes;C:\Users\Mxing\.m2\repository\org\slf4j\slf4j-api\1.7.25\slf4j-api-1.7.25.jar;C:\Users\Mxing\.m2\repository\org\apache\logging\log4j\log4j-core\2.23.1\log4j-core-2.23.1.jar;C:\Users\Mxing\.m2\repository\org\apache\logging\log4j\log4j-api\2.23.1\log4j-api-2.23.1.jar;C:\Users\Mxing\.m2\repository\org\apache\logging\log4j\log4j-slf4j-impl\2.23.1\log4j-slf4j-impl-2.23.1.jar;C:\Users\Mxing\.m2\repository\org\fusesource\jansi\jansi\2.4.0\jansi-2.4.0.jar;C:\Users\Mxing\.m2\repository\junit\junit\4.13.1\junit-4.13.1.jar;C:\Users\Mxing\.m2\repository\org\hamcrest\hamcrest-core\1.3\hamcrest-core-1.3.jar;C:\Users\Mxing\.m2\repository\com\fasterxml\jackson\core\jackson-databind\2.17.0\jackson-databind-2.17.0.jar;C:\Users\Mxing\.m2\repository\com\fasterxml\jackson\core\jackson-annotations\2.17.0\jackson-annotations-2.17.0.jar;C:\Users\Mxing\.m2\repository\com\fasterxml\jackson\core\jackson-core\2.17.0\jackson-core-2.17.0.jar;C:\Users\Mxing\.m2\repository\net\bytebuddy\byte-buddy\1.14.9\byte-buddy-1.14.9.jar;C:\Users\Mxing\.m2\repository\org\projectlombok\lombok\1.18.38\lombok-1.18.38.jar;C:\Users\Mxing\.m2\repository\com\github\erosb\everit-json-schema\1.14.6\everit-json-schema-1.14.6.jar;C:\Users\Mxing\.m2\repository\org\json\json\20250107\json-20250107.jar;C:\Users\Mxing\.m2\repository\commons-validator\commons-validator\1.9.0\commons-validator-1.9.0.jar;C:\Users\Mxing\.m2\repository\commons-digester\commons-digester\2.1\commons-digester-2.1.jar;C:\Users\Mxing\.m2\repository\commons-logging\commons-logging\1.3.2\commons-logging-1.3.2.jar;C:\Users\Mxing\.m2\repository\commons-collections\commons-collections\3.2.2\commons-collections-3.2.2.jar;C:\Users\Mxing\.m2\repository\com\damnhandy\handy-uri-templates\2.1.8\handy-uri-templates-2.1.8.jar;C:\Users\Mxing\.m2\repository\joda-time\joda-time\2.10.2\joda-time-2.10.2.jar;C:\Users\Mxing\.m2\repository\com\google\re2j\re2j\1.8\re2j-1.8.jar;C:\Users\Mxing\.m2\repository\org\mockito\mockito-core\5.3.1\mockito-core-5.3.1.jar;C:\Users\Mxing\.m2\repository\net\bytebuddy\byte-buddy-agent\1.14.4\byte-buddy-agent-1.14.4.jar;C:\Users\Mxing\.m2\repository\org\objenesis\objenesis\3.3\objenesis-3.3.jar;C:\Users\Mxing\.m2\repository\commons-codec\commons-codec\1.15\commons-codec-1.15.jar;"/>
    <property name="java.vm.vendor" value="Eclipse Adoptium"/>
    <property name="sun.arch.data.model" value="64"/>
    <property name="user.variant" value=""/>
    <property name="java.vendor.url" value="https://adoptium.net/"/>
    <property name="user.timezone" value="Asia/Shanghai"/>
    <property name="os.name" value="Windows 11"/>
    <property name="java.vm.specification.version" value="21"/>
    <property name="sun.java.launcher" value="SUN_STANDARD"/>
    <property name="user.country" value="CN"/>
    <property name="sun.boot.library.path" value="D:\Program Files\Eclipse Adoptium\jdk-21.0.6.7-hotspot\bin"/>
    <property name="sun.java.command" value="C:\Users\Mxing\AppData\Local\Temp\surefire143221360685954250\surefirebooter-20250811193106661_3.jar C:\Users\Mxing\AppData\Local\Temp\surefire143221360685954250 2025-08-11T19-31-06_424-jvmRun1 surefire-20250811193106661_1tmp surefire_0-20250811193106661_2tmp"/>
    <property name="jdk.debug" value="release"/>
    <property name="surefire.test.class.path" value="D:\Code\Projects\BCMOJ\jserver\target\test-classes;D:\Code\Projects\BCMOJ\jserver\target\classes;C:\Users\Mxing\.m2\repository\org\slf4j\slf4j-api\1.7.25\slf4j-api-1.7.25.jar;C:\Users\Mxing\.m2\repository\org\apache\logging\log4j\log4j-core\2.23.1\log4j-core-2.23.1.jar;C:\Users\Mxing\.m2\repository\org\apache\logging\log4j\log4j-api\2.23.1\log4j-api-2.23.1.jar;C:\Users\Mxing\.m2\repository\org\apache\logging\log4j\log4j-slf4j-impl\2.23.1\log4j-slf4j-impl-2.23.1.jar;C:\Users\Mxing\.m2\repository\org\fusesource\jansi\jansi\2.4.0\jansi-2.4.0.jar;C:\Users\Mxing\.m2\repository\junit\junit\4.13.1\junit-4.13.1.jar;C:\Users\Mxing\.m2\repository\org\hamcrest\hamcrest-core\1.3\hamcrest-core-1.3.jar;C:\Users\Mxing\.m2\repository\com\fasterxml\jackson\core\jackson-databind\2.17.0\jackson-databind-2.17.0.jar;C:\Users\Mxing\.m2\repository\com\fasterxml\jackson\core\jackson-annotations\2.17.0\jackson-annotations-2.17.0.jar;C:\Users\Mxing\.m2\repository\com\fasterxml\jackson\core\jackson-core\2.17.0\jackson-core-2.17.0.jar;C:\Users\Mxing\.m2\repository\net\bytebuddy\byte-buddy\1.14.9\byte-buddy-1.14.9.jar;C:\Users\Mxing\.m2\repository\org\projectlombok\lombok\1.18.38\lombok-1.18.38.jar;C:\Users\Mxing\.m2\repository\com\github\erosb\everit-json-schema\1.14.6\everit-json-schema-1.14.6.jar;C:\Users\Mxing\.m2\repository\org\json\json\20250107\json-20250107.jar;C:\Users\Mxing\.m2\repository\commons-validator\commons-validator\1.9.0\commons-validator-1.9.0.jar;C:\Users\Mxing\.m2\repository\commons-digester\commons-digester\2.1\commons-digester-2.1.jar;C:\Users\Mxing\.m2\repository\commons-logging\commons-logging\1.3.2\commons-logging-1.3.2.jar;C:\Users\Mxing\.m2\repository\commons-collections\commons-collections\3.2.2\commons-collections-3.2.2.jar;C:\Users\Mxing\.m2\repository\com\damnhandy\handy-uri-templates\2.1.8\handy-uri-templates-2.1.8.jar;C:\Users\Mxing\.m2\repository\joda-time\joda-time\2.10.2\joda-time-2.10.2.jar;C:\Users\Mxing\.m2\repository\com\google\re2j\re2j\1.8\re2j-1.8.jar;C:\Users\Mxing\.m2\repository\org\mockito\mockito-core\5.3.1\mockito-core-5.3.1.jar;C:\Users\Mxing\.m2\repository\net\bytebuddy\byte-buddy-agent\1.14.4\byte-buddy-agent-1.14.4.jar;C:\Users\Mxing\.m2\repository\org\objenesis\objenesis\3.3\objenesis-3.3.jar;C:\Users\Mxing\.m2\repository\commons-codec\commons-codec\1.15\commons-codec-1.15.jar;"/>
    <property name="sun.cpu.endian" value="little"/>
    <property name="user.home" value="C:\Users\Mxing"/>
    <property name="user.language" value="zh"/>
    <property name="java.specification.vendor" value="Oracle Corporation"/>
    <property name="java.version.date" value="2025-01-21"/>
    <property name="java.home" value="D:\Program Files\Eclipse Adoptium\jdk-21.0.6.7-hotspot"/>
    <property name="file.separator" value="\"/>
    <property name="basedir" value="D:\Code\Projects\BCMOJ\jserver"/>
    <property name="java.vm.compressedOopsMode" value="Zero based"/>
    <property name="line.separator" value="&#10;"/>
    <property name="java.vm.specification.vendor" value="Oracle Corporation"/>
    <property name="java.specification.name" value="Java Platform API Specification"/>
    <property name="surefire.real.class.path" value="C:\Users\Mxing\AppData\Local\Temp\surefire143221360685954250\surefirebooter-20250811193106661_3.jar"/>
    <property name="user.script" value=""/>
    <property name="sun.management.compiler" value="HotSpot 64-Bit Tiered Compilers"/>
    <property name="java.runtime.version" value="21.0.6+7-LTS"/>
    <property name="user.name" value="Mxing"/>
    <property name="stdout.encoding" value="GBK"/>
    <property name="path.separator" value=";"/>
    <property name="os.version" value="10.0"/>
    <property name="java.runtime.name" value="OpenJDK Runtime Environment"/>
    <property name="file.encoding" value="UTF-8"/>
    <property name="java.vm.name" value="OpenJDK 64-Bit Server VM"/>
    <property name="java.vendor.version" value="Temurin-21.0.6+7"/>
    <property name="localRepository" value="C:\Users\Mxing\.m2\repository"/>
    <property name="java.vendor.url.bug" value="https://github.com/adoptium/adoptium-support/issues"/>
    <property name="java.io.tmpdir" value="C:\Users\Mxing\AppData\Local\Temp\"/>
    <property name="idea.version" value="2025.1"/>
    <property name="java.version" value="21.0.6"/>
    <property name="user.dir" value="D:\Code\Projects\BCMOJ\jserver"/>
    <property name="os.arch" value="amd64"/>
    <property name="java.vm.specification.name" value="Java Virtual Machine Specification"/>
    <property name="sun.os.patch.level" value=""/>
    <property name="native.encoding" value="GBK"/>
    <property name="java.library.path" value="D:\Program Files\Eclipse Adoptium\jdk-21.0.6.7-hotspot\bin;C:\Windows\Sun\Java\bin;C:\Windows\system32;C:\Windows;C:\Program Files (x86)\Common Files\Intel\Shared Libraries\redist\intel64\compiler;D:\Program Files (x86)\VMware\VMware Workstation\bin\;D:\Program Files\Eclipse Adoptium\jdk-21.0.6.7-hotspot\bin;D:\Program Files\Eclipse Adoptium\jre-20.0.2.9-hotspot\bin;C:\Windows\system32;C:\Windows;C:\Windows\System32\Wbem;C:\Windows\System32\WindowsPowerShell\v1.0\;C:\Windows\System32\OpenSSH\;D:\Program Files\Bandizip\Bandizip;D:\Program Files (x86)\NetSarang\Xshell 8\;D:\Program Files (x86)\NetSarang\Xftp 8\;D:\Program Files\RedPanda-Cpp\mingw64\bin;C:\Program Files\dotnet\;D:\Program Files\apache-maven-3.9.9\bin;D:\Program Files\sqlite;D:\Program Files\Vim\vim91;D:\Program Files\Gradle\gradle-8.13\bin;C:\Program Files (x86)\NVIDIA Corporation\PhysX\Common;D:\Program Files\ffmpeg\ffmpeg-2025-05-15-git-12b853530a-full_build\bin;C:\Program Files\Docker\Docker\resources\bin;D:\Windows Kits\10\Windows Performance Toolkit\;D:\Program Files\CMake\bin;D:\Program Files\nodejs\;D:\ProgramData\miniconda3;C:\Program Files\NVIDIA Corporation\NVIDIA App\NvDLISR;D:\Program Files (x86)\Dev-Cpp\MinGW64\bin;D:\ProgramData\miniconda3\Scripts;d:\Program Files\Git\cmd;C:\Users\Mxing\AppData\Local\Microsoft\WindowsApps;D:\Program Files\Microsoft VS Code\bin;C:\Users\Mxing\AppData\Local\JetBrains\Toolbox\scripts;C:\Users\Mxing\AppData\Local\GitHubDesktop\bin;C:\Users\Mxing\.dotnet\tools;C:\Users\Mxing\AppData\Roaming\npm;d:\Program Files\JetBrains\IntelliJ IDEA 2025.1\bin;;."/>
    <property name="java.vm.info" value="mixed mode, sharing"/>
    <property name="stderr.encoding" value="GBK"/>
    <property name="java.vendor" value="Eclipse Adoptium"/>
    <property name="java.vm.version" value="21.0.6+7-LTS"/>
    <property name="sun.io.unicode.encoding" value="UnicodeLittle"/>
    <property name="java.class.version" value="65.0"/>
  </properties>
  <testcase name="testInvalidJson_MissingOutPair" classname="org.bcmoj.netserver.JsonValidateUtilTest" time="0.087">
    <system-out><![CDATA[[2025-08-11 19:31:09.810] [main/&amp#27;[1;33mWARN &amp#27;[m] [&amp#27;[36mo.b.u.JsonValidateUtil&amp#27;[m] Missing output file for input: 1_in
]]></system-out>
  </testcase>
  <testcase name="testInvalidJson_SchemaViolation" classname="org.bcmoj.netserver.JsonValidateUtilTest" time="0.009">
    <system-out><![CDATA[[2025-08-11 19:31:09.815] [main/&amp#27;[1;31mERROR&amp#27;[m] [&amp#27;[36mo.b.u.JsonValidateUtil&amp#27;[m] Schema validation failed
org.everit.json.schema.ValidationException: #: 2 schema violations found
	at org.everit.json.schema.ValidationException.copy(ValidationException.java:486) ~[everit-json-schema-1.14.6.jar:?]
	at org.everit.json.schema.DefaultValidator.performValidation(Validator.java:76) ~[everit-json-schema-1.14.6.jar:?]
	at org.everit.json.schema.Schema.validate(Schema.java:152) ~[everit-json-schema-1.14.6.jar:?]
	at org.bcmoj.utils.JsonValidateUtil.validate(JsonValidateUtil.java:59) [classes/:?]
	at org.bcmoj.netserver.JsonValidateUtilTest.testInvalidJson_SchemaViolation(JsonValidateUtilTest.java:99) [test-classes/:?]
	at java.base/jdk.internal.reflect.DirectMethodHandleAccessor.invoke(DirectMethodHandleAccessor.java:103) ~[?:?]
	at java.base/java.lang.reflect.Method.invoke(Method.java:580) ~[?:?]
	at org.junit.runners.model.FrameworkMethod$1.runReflectiveCall(FrameworkMethod.java:59) [junit-4.13.1.jar:4.13.1]
	at org.junit.internal.runners.model.ReflectiveCallable.run(ReflectiveCallable.java:12) [junit-4.13.1.jar:4.13.1]
	at org.junit.runners.model.FrameworkMethod.invokeExplosively(FrameworkMethod.java:56) [junit-4.13.1.jar:4.13.1]
	at org.junit.internal.runners.statements.InvokeMethod.evaluate(InvokeMethod.java:17) [junit-4.13.1.jar:4.13.1]
	at org.junit.internal.runners.statements.RunBefores.evaluate(RunBefores.java:26) [junit-4.13.1.jar:4.13.1]
	at org.junit.runners.ParentRunner$3.evaluate(ParentRunner.java:306) [junit-4.13.1.jar:4.13.1]
	at org.junit.runners.BlockJUnit4ClassRunner$1.evaluate(BlockJUnit4ClassRunner.java:100) [junit-4.13.1.jar:4.13.1]
	at org.junit.runners.ParentRunner.runLeaf(ParentRunner.java:366) [junit-4.13.1.jar:4.13.1]
	at org.junit.runners.BlockJUnit4ClassRunner.runChild(BlockJUnit4ClassRunner.java:103) [junit-4.13.1.jar:4.13.1]
	at org.junit.runners.BlockJUnit4ClassRunner.runChild(BlockJUnit4ClassRunner.java:63) [junit-4.13.1.jar:4.13.1]
	at org.junit.runners.ParentRunner$4.run(ParentRunner.java:331) [junit-4.13.1.jar:4.13.1]
	at org.junit.runners.ParentRunner$1.schedule(ParentRunner.java:79) [junit-4.13.1.jar:4.13.1]
	at org.junit.runners.ParentRunner.runChildren(ParentRunner.java:329) [junit-4.13.1.jar:4.13.1]
	at org.junit.runners.ParentRunner.access$100(ParentRunner.java:66) [junit-4.13.1.jar:4.13.1]
	at org.junit.runners.ParentRunner$2.evaluate(ParentRunner.java:293) [junit-4.13.1.jar:4.13.1]
	at org.junit.runners.ParentRunner$3.evaluate(ParentRunner.java:306) [junit-4.13.1.jar:4.13.1]
	at org.junit.runners.ParentRunner.run(ParentRunner.java:413) [junit-4.13.1.jar:4.13.1]
	at org.apache.maven.surefire.junit4.JUnit4Provider.execute(JUnit4Provider.java:377) [surefire-junit4-3.0.0-M9.jar:3.0.0-M9]
	at org.apache.maven.surefire.junit4.JUnit4Provider.executeWithRerun(JUnit4Provider.java:284) [surefire-junit4-3.0.0-M9.jar:3.0.0-M9]
	at org.apache.maven.surefire.junit4.JUnit4Provider.executeTestSet(JUnit4Provider.java:248) [surefire-junit4-3.0.0-M9.jar:3.0.0-M9]
	at org.apache.maven.surefire.junit4.JUnit4Provider.invoke(JUnit4Provider.java:167) [surefire-junit4-3.0.0-M9.jar:3.0.0-M9]
	at org.apache.maven.surefire.booter.ForkedBooter.runSuitesInProcess(ForkedBooter.java:456) [surefire-booter-3.0.0-M9.jar:3.0.0-M9]
	at org.apache.maven.surefire.booter.ForkedBooter.execute(ForkedBooter.java:169) [surefire-booter-3.0.0-M9.jar:3.0.0-M9]
	at org.apache.maven.surefire.booter.ForkedBooter.run(ForkedBooter.java:595) [surefire-booter-3.0.0-M9.jar:3.0.0-M9]
	at org.apache.maven.surefire.booter.ForkedBooter.main(ForkedBooter.java:581) [surefire-booter-3.0.0-M9.jar:3.0.0-M9]
]]></system-out>
  </testcase>
  <testcase name="testValidJsonWithCorrectInOutPairs" classname="org.bcmoj.netserver.JsonValidateUtilTest" time="0">
    <system-out><![CDATA[[2025-08-11 19:31:09.821] [main/&amp#27;[1;32mINFO &amp#27;[m] [&amp#27;[36mo.b.u.JsonValidateUtil&amp#27;[m] JSON validation passed
]]></system-out>
  </testcase>
  <testcase name="testInvalidJson_NoPairs" classname="org.bcmoj.netserver.JsonValidateUtilTest" time="0.002">
    <system-out><![CDATA[[2025-08-11 19:31:09.822] [main/&amp#27;[1;33mWARN &amp#27;[m] [&amp#27;[36mo.b.u.JsonValidateUtil&amp#27;[m] At least one _in/_out pair is required
]]></system-out>
  </testcase>
  <testcase name="testInvalidJson_MissingInPair" classname="org.bcmoj.netserver.JsonValidateUtilTest" time="0.001">
    <system-out><![CDATA[[2025-08-11 19:31:09.822] [main/&amp#27;[1;33mWARN &amp#27;[m] [&amp#27;[36mo.b.u.JsonValidateUtil&amp#27;[m] Missing input file for output: 1_out
]]></system-out>
  </testcase>
</testsuite>